<?xml version="1.0" encoding="UTF-8"?>
<testsuite xmlns:xsi="http://www.w3.org/2001/XMLSchema-instance" xsi:noNamespaceSchemaLocation="https://maven.apache.org/surefire/maven-surefire-plugin/xsd/surefire-test-report.xsd" version="3.0.2" name="com.example.todo.controller.TaskControllerTest" time="3.887" tests="4" errors="0" skipped="0" failures="0">
  <properties>
[...]
</properties>
  <testcase name="create_BlankTitle_Returns400" classname="com.example.todo.controller.TaskControllerTest" time="0.325">
    <system-out><![CDATA[16:36:48.637 [main] INFO org.springframework.test.context.support.AnnotationConfigContextLoaderUtils -- Could not detect default configuration classes for test class [com.example.todo.controller.TaskControllerTest]: TaskControllerTest does not declare any static, non-private, non-final, nested classes annotated with @Configuration.
16:36:48.880 [main] INFO org.springframework.boot.test.context.SpringBootTestContextBootstrapper -- Found @SpringBootConfiguration com.example.todo.TodoApplication for test class com.example.todo.controller.TaskControllerTest

  .   ____          _            __ _ _
 /\\ / ___'_ __ _ _(_)_ __  __ _ \ \ \ \
( ( )\___ | '_ | '_| | '_ \/ _` | \ \ \ \
 \\/  ___)| |_)| | | | | || (_| |  ) ) ) )
  '  |____| .__|_| |_|_| |_\__, | / / / /
 =========|_|==============|___/=/_/_/_/

 :: Spring Boot ::                (v3.4.3)

2026-09-23T16:36:49.376-03:00  INFO 15804 --- [todo-api] [           main] c.e.todo.controller.TaskControllerTest   : Starting TaskControllerTest using Java 25.0.2 with PID 15804 (started by User in C:\Users\User\.gemini\antigravity\scratch\todo-list-app\backend)
2026-09-23T16:36:49.378-03:00 DEBUG 15804 --- [todo-api] [           main] c.e.todo.controller.TaskControllerTest   : Running with Spring Boot v3.4.3, Spring v6.2.3
2026-09-23T16:36:49.379-03:00  INFO 15804 --- [todo-api] [           main] c.e.todo.controller.TaskControllerTest   : The following 1 profile is active: "dev"
2026-09-23T16:36:51.909-03:00  INFO 15804 --- [todo-api] [           main] o.s.b.t.m.w.SpringBootMockServletContext : Initializing Spring TestDispatcherServlet ''
2026-09-23T16:36:51.910-03:00  INFO 15804 --- [todo-api] [           main] o.s.t.web.servlet.TestDispatcherServlet  : Initializing Servlet ''
2026-09-23T16:36:51.911-03:00  INFO 15804 --- [todo-api] [           main] o.s.t.web.servlet.TestDispatcherServlet  : Completed initialization in 1 ms
2026-09-23T16:36:51.937-03:00  INFO 15804 --- [todo-api] [           main] c.e.todo.controller.TaskControllerTest   : Started TaskControllerTest in 2.981 seconds (process running for 4.267)
]]></system-out>
    <system-err><![CDATA[Mockito is currently self-attaching to enable the inline-mock-maker. This will no longer work in future releases of the JDK. Please add Mockito as an agent to your build what is described in Mockito's documentation: https://javadoc.io/doc/org.mockito/mockito-core/latest/org/mockito/Mockito.html#0.3
]]></system-err>
  </testcase>
  <testcase name="findById_NotFound_Returns404" classname="com.example.todo.controller.TaskControllerTest" time="0.024"/>
  <testcase name="findAll_Returns200OK" classname="com.example.todo.controller.TaskControllerTest" time="0.032"/>
  <testcase name="delete_Returns204NoContent" classname="com.example.todo.controller.TaskControllerTest" time="0.009"/>
</testsuite>